CRITICAL - 2023-04-27 12:01:30 --> Invalid file: "forget-password.php"
in SYSTEMPATH/Exceptions/FrameworkException.php on line 33.
 1 SYSTEMPATH/View/View.php(201): CodeIgniter\Exceptions\FrameworkException::forInvalidFile()
 2 SYSTEMPATH/Common.php(1184): CodeIgniter\View\View->render()
 3 APPPATH/Controllers/Login.php(32): view()
 4 SYSTEMPATH/CodeIgniter.php(934): App\Controllers\Login->index_forgotpassword()
 5 SYSTEMPATH/CodeIgniter.php(499): CodeIgniter\CodeIgniter->runController()
 6 SYSTEMPATH/CodeIgniter.php(368): CodeIgniter\CodeIgniter->handleRequest()
 7 FCPATH/index.php(67): CodeIgniter\CodeIgniter->run()
CRITICAL - 2023-04-27 12:02:29 --> Call to undefined method App\Models\UserModel::updatePasswordToken
in SYSTEMPATH/Model.php on line 842.
 1 APPPATH/Controllers/Login.php(87): CodeIgniter\Model->__call()
 2 SYSTEMPATH/CodeIgniter.php(934): App\Controllers\Login->email_forgotpassword()
 3 SYSTEMPATH/CodeIgniter.php(499): CodeIgniter\CodeIgniter->runController()
 4 SYSTEMPATH/CodeIgniter.php(368): CodeIgniter\CodeIgniter->handleRequest()
 5 FCPATH/index.php(67): CodeIgniter\CodeIgniter->run()
ERROR - 2023-04-27 12:03:36 --> mysqli_sql_exception: Unknown column 'password_token' in 'field list' in /var/www/htdocs/coffee/system/Database/MySQLi/Connection.php:295
Stack trace:
#0 /var/www/htdocs/coffee/system/Database/MySQLi/Connection.php(295): mysqli->query()
#1 /var/www/htdocs/coffee/system/Database/BaseConnection.php(691): CodeIgniter\Database\MySQLi\Connection->execute()
#2 /var/www/htdocs/coffee/system/Database/BaseConnection.php(605): CodeIgniter\Database\BaseConnection->simpleQuery()
#3 /var/www/htdocs/coffee/system/Database/BaseBuilder.php(2476): CodeIgniter\Database\BaseConnection->query()
#4 /var/www/htdocs/coffee/app/Models/UserModel.php(79): CodeIgniter\Database\BaseBuilder->update()
#5 /var/www/htdocs/coffee/app/Controllers/Login.php(87): App\Models\UserModel->updatePassToken()
#6 /var/www/htdocs/coffee/system/CodeIgniter.php(934): App\Controllers\Login->email_forgotpassword()
#7 /var/www/htdocs/coffee/system/CodeIgniter.php(499): CodeIgniter\CodeIgniter->runController()
#8 /var/www/htdocs/coffee/system/CodeIgniter.php(368): CodeIgniter\CodeIgniter->handleRequest()
#9 /var/www/htdocs/coffee/public/index.php(67): CodeIgniter\CodeIgniter->run()
#10 {main}
CRITICAL - 2023-04-27 12:03:36 --> Unknown column 'password_token' in 'field list'
in SYSTEMPATH/Database/BaseConnection.php on line 645.
 1 SYSTEMPATH/Database/BaseBuilder.php(2476): CodeIgniter\Database\BaseConnection->query()
 2 APPPATH/Models/UserModel.php(79): CodeIgniter\Database\BaseBuilder->update()
 3 APPPATH/Controllers/Login.php(87): App\Models\UserModel->updatePassToken()
 4 SYSTEMPATH/CodeIgniter.php(934): App\Controllers\Login->email_forgotpassword()
 5 SYSTEMPATH/CodeIgniter.php(499): CodeIgniter\CodeIgniter->runController()
 6 SYSTEMPATH/CodeIgniter.php(368): CodeIgniter\CodeIgniter->handleRequest()
 7 FCPATH/index.php(67): CodeIgniter\CodeIgniter->run()
ERROR - 2023-04-27 13:38:20 --> Email: Unable to send email using SMTP. Your server might not be configured to send mail using this method.
ERROR - 2023-04-27 13:38:20 --> 220 mailhub.eait.uq.edu.au ESMTP Sendmail 8.15.1/8.15.1; Thu, 27 Apr 2023 23:38:14 +1000 (AEST)

hello: 250-mailhub.eait.uq.edu.au Hello infs3202-d1804afb.zones.eait.uq.edu.au [172.23.81.53], pleased to meet you
250-ENHANCEDSTATUSCODES
250-PIPELINING
250-8BITMIME
250-SIZE 67108864
250-DSN
250-ETRN
250-STARTTLS
250-DELIVERBY
250 HELP

from: 250 2.1.0 <jing.yang3@uqconnect.edu.au>... Sender ok

to: 250 2.1.5 <y.dianna.j@gmail.com>... Recipient ok

data: 354 Enter mail, end with "." on a line by itself


quit: 250 2.0.0 33RDcEMI009317 Message accepted for delivery

The following SMTP error was encountered: 250 2.0.0 33RDcEMI009317 Message accepted for delivery

The following SMTP error was encountered: 
CRITICAL - 2023-04-27 13:38:20 --> Error sending email: 220 mailhub.eait.uq.edu.au ESMTP Sendmail 8.15.1/8.15.1; Thu, 27 Apr 2023 23:38:14 +1000 (AEST)
<br><pre>hello: 250-mailhub.eait.uq.edu.au Hello infs3202-d1804afb.zones.eait.uq.edu.au [172.23.81.53], pleased to meet you
250-ENHANCEDSTATUSCODES
250-PIPELINING
250-8BITMIME
250-SIZE 67108864
250-DSN
250-ETRN
250-STARTTLS
250-DELIVERBY
250 HELP
</pre><pre>from: 250 2.1.0 <jing.yang3@uqconnect.edu.au>... Sender ok
</pre><pre>to: 250 2.1.5 <y.dianna.j@gmail.com>... Recipient ok
</pre><pre>data: 354 Enter mail, end with "." on a line by itself
</pre><br><pre>quit: 250 2.0.0 33RDcEMI009317 Message accepted for delivery
</pre>The following SMTP error was encountered: 250 2.0.0 33RDcEMI009317 Message accepted for delivery
<br>The following SMTP error was encountered: <br>Unable to send email using SMTP. Your server might not be configured to send mail using this method.<br><pre>Date: Thu, 27 Apr 2023 13:38:14 +0000
From: &quot;Coffee Sensation&quot; &lt;jing.yang3@uqconnect.edu.au&gt;
Return-Path: &lt;jing.yang3@uqconnect.edu.au&gt;
To: y.dianna.j@gmail.com
Subject: =?UTF-8?Q?Reset=20Password?=
Reply-To: &lt;jing.yang3@uqconnect.edu.au&gt;
User-Agent: CodeIgniter
X-Sender: jing.yang3@uqconnect.edu.au
X-Mailer: CodeIgniter
X-Priority: 3 (Normal)
Message-ID: &lt;644a7ac6bf6454.82242902@uqconnect.edu.au&gt;
Mime-Version: 1.0


Content-Type: text/plain; charset=UTF-8
Content-Transfer-Encoding: 8bit

Here is your password reset link:

https://infs3202-d1804afb.uqcloud.net/coffee/reset-password?token=a3134e404e15aa16d12aa449e95c65565316cadc955e35572afabcb620834d05
</pre>
in APPPATH/Controllers/EmailController.php on line 63.
 1 APPPATH/Controllers/Login.php(91): App\Controllers\EmailController->sendPassReset()
 2 SYSTEMPATH/CodeIgniter.php(934): App\Controllers\Login->email_forgotpassword()
 3 SYSTEMPATH/CodeIgniter.php(499): CodeIgniter\CodeIgniter->runController()
 4 SYSTEMPATH/CodeIgniter.php(368): CodeIgniter\CodeIgniter->handleRequest()
 5 FCPATH/index.php(67): CodeIgniter\CodeIgniter->run()
CRITICAL - 2023-04-27 13:40:17 --> Undefined variable $data
in APPPATH/Controllers/Login.php on line 94.
 1 APPPATH/Controllers/Login.php(94): CodeIgniter\Debug\Exceptions->errorHandler()
 2 SYSTEMPATH/CodeIgniter.php(934): App\Controllers\Login->email_forgotpassword()
 3 SYSTEMPATH/CodeIgniter.php(499): CodeIgniter\CodeIgniter->runController()
 4 SYSTEMPATH/CodeIgniter.php(368): CodeIgniter\CodeIgniter->handleRequest()
 5 FCPATH/index.php(67): CodeIgniter\CodeIgniter->run()
