CRITICAL - 2023-05-17 00:31:34 --> Call to a member function select() on null
in APPPATH/Models/UserModel.php on line 109.
 1 APPPATH/Controllers/Profile.php(71): App\Models\UserModel->getWishlist()
 2 SYSTEMPATH/CodeIgniter.php(934): App\Controllers\Profile->getWishlist()
 3 SYSTEMPATH/CodeIgniter.php(499): CodeIgniter\CodeIgniter->runController()
 4 SYSTEMPATH/CodeIgniter.php(368): CodeIgniter\CodeIgniter->handleRequest()
 5 FCPATH/index.php(67): CodeIgniter\CodeIgniter->run()
ERROR - 2023-05-17 00:32:02 --> mysqli_sql_exception: Unknown column 'whishlist.course_id' in 'on clause' in /var/www/htdocs/coffee/system/Database/MySQLi/Connection.php:295
Stack trace:
#0 /var/www/htdocs/coffee/system/Database/MySQLi/Connection.php(295): mysqli->query()
#1 /var/www/htdocs/coffee/system/Database/BaseConnection.php(691): CodeIgniter\Database\MySQLi\Connection->execute()
#2 /var/www/htdocs/coffee/system/Database/BaseConnection.php(605): CodeIgniter\Database\BaseConnection->simpleQuery()
#3 /var/www/htdocs/coffee/system/Database/BaseBuilder.php(1616): CodeIgniter\Database\BaseConnection->query()
#4 /var/www/htdocs/coffee/app/Models/UserModel.php(113): CodeIgniter\Database\BaseBuilder->get()
#5 /var/www/htdocs/coffee/app/Controllers/Profile.php(71): App\Models\UserModel->getWishlist()
#6 /var/www/htdocs/coffee/system/CodeIgniter.php(934): App\Controllers\Profile->getWishlist()
#7 /var/www/htdocs/coffee/system/CodeIgniter.php(499): CodeIgniter\CodeIgniter->runController()
#8 /var/www/htdocs/coffee/system/CodeIgniter.php(368): CodeIgniter\CodeIgniter->handleRequest()
#9 /var/www/htdocs/coffee/public/index.php(67): CodeIgniter\CodeIgniter->run()
#10 {main}
CRITICAL - 2023-05-17 00:32:02 --> Unknown column 'whishlist.course_id' in 'on clause'
in SYSTEMPATH/Database/BaseConnection.php on line 645.
 1 SYSTEMPATH/Database/BaseBuilder.php(1616): CodeIgniter\Database\BaseConnection->query()
 2 APPPATH/Models/UserModel.php(113): CodeIgniter\Database\BaseBuilder->get()
 3 APPPATH/Controllers/Profile.php(71): App\Models\UserModel->getWishlist()
 4 SYSTEMPATH/CodeIgniter.php(934): App\Controllers\Profile->getWishlist()
 5 SYSTEMPATH/CodeIgniter.php(499): CodeIgniter\CodeIgniter->runController()
 6 SYSTEMPATH/CodeIgniter.php(368): CodeIgniter\CodeIgniter->handleRequest()
 7 FCPATH/index.php(67): CodeIgniter\CodeIgniter->run()
ERROR - 2023-05-17 00:49:09 --> mysqli_sql_exception: Unknown column 'whishlist.uid' in 'on clause' in /var/www/htdocs/coffee/system/Database/MySQLi/Connection.php:295
Stack trace:
#0 /var/www/htdocs/coffee/system/Database/MySQLi/Connection.php(295): mysqli->query()
#1 /var/www/htdocs/coffee/system/Database/BaseConnection.php(691): CodeIgniter\Database\MySQLi\Connection->execute()
#2 /var/www/htdocs/coffee/system/Database/BaseConnection.php(605): CodeIgniter\Database\BaseConnection->simpleQuery()
#3 /var/www/htdocs/coffee/system/Database/BaseBuilder.php(1616): CodeIgniter\Database\BaseConnection->query()
#4 /var/www/htdocs/coffee/app/Models/UserModel.php(113): CodeIgniter\Database\BaseBuilder->get()
#5 /var/www/htdocs/coffee/app/Controllers/Profile.php(71): App\Models\UserModel->getWishlist()
#6 /var/www/htdocs/coffee/system/CodeIgniter.php(934): App\Controllers\Profile->getWishlist()
#7 /var/www/htdocs/coffee/system/CodeIgniter.php(499): CodeIgniter\CodeIgniter->runController()
#8 /var/www/htdocs/coffee/system/CodeIgniter.php(368): CodeIgniter\CodeIgniter->handleRequest()
#9 /var/www/htdocs/coffee/public/index.php(67): CodeIgniter\CodeIgniter->run()
#10 {main}
CRITICAL - 2023-05-17 00:49:09 --> Unknown column 'whishlist.uid' in 'on clause'
in SYSTEMPATH/Database/BaseConnection.php on line 645.
 1 SYSTEMPATH/Database/BaseBuilder.php(1616): CodeIgniter\Database\BaseConnection->query()
 2 APPPATH/Models/UserModel.php(113): CodeIgniter\Database\BaseBuilder->get()
 3 APPPATH/Controllers/Profile.php(71): App\Models\UserModel->getWishlist()
 4 SYSTEMPATH/CodeIgniter.php(934): App\Controllers\Profile->getWishlist()
 5 SYSTEMPATH/CodeIgniter.php(499): CodeIgniter\CodeIgniter->runController()
 6 SYSTEMPATH/CodeIgniter.php(368): CodeIgniter\CodeIgniter->handleRequest()
 7 FCPATH/index.php(67): CodeIgniter\CodeIgniter->run()
CRITICAL - 2023-05-17 00:55:52 --> Undefined variable $img
in APPPATH/Views/wishlist.php on line 7.
 1 APPPATH/Views/wishlist.php(7): CodeIgniter\Debug\Exceptions->errorHandler()
 2 SYSTEMPATH/View/View.php(213): include('APPPATH/Views/wishlist.php')
 3 SYSTEMPATH/View/View.php(216): CodeIgniter\View\View->CodeIgniter\View\{closure}()
 4 SYSTEMPATH/Common.php(1184): CodeIgniter\View\View->render()
 5 APPPATH/Controllers/Profile.php(73): view()
 6 SYSTEMPATH/CodeIgniter.php(934): App\Controllers\Profile->getWishlist()
 7 SYSTEMPATH/CodeIgniter.php(499): CodeIgniter\CodeIgniter->runController()
 8 SYSTEMPATH/CodeIgniter.php(368): CodeIgniter\CodeIgniter->handleRequest()
 9 FCPATH/index.php(67): CodeIgniter\CodeIgniter->run()
CRITICAL - 2023-05-17 05:51:49 --> Class "Dompdf\Dompdf" not found
in APPPATH/Controllers/Teach.php on line 143.
 1 SYSTEMPATH/CodeIgniter.php(934): App\Controllers\Teach->finish()
 2 SYSTEMPATH/CodeIgniter.php(499): CodeIgniter\CodeIgniter->runController()
 3 SYSTEMPATH/CodeIgniter.php(368): CodeIgniter\CodeIgniter->handleRequest()
 4 FCPATH/index.php(67): CodeIgniter\CodeIgniter->run()
CRITICAL - 2023-05-17 05:57:05 --> Class "Dompdf\Dompdf" not found
in APPPATH/Controllers/Teach.php on line 143.
 1 SYSTEMPATH/CodeIgniter.php(934): App\Controllers\Teach->finish()
 2 SYSTEMPATH/CodeIgniter.php(499): CodeIgniter\CodeIgniter->runController()
 3 SYSTEMPATH/CodeIgniter.php(368): CodeIgniter\CodeIgniter->handleRequest()
 4 FCPATH/index.php(67): CodeIgniter\CodeIgniter->run()
CRITICAL - 2023-05-17 05:58:00 --> Class "Dompdf\Dompdf" not found
in APPPATH/Controllers/Teach.php on line 147.
 1 SYSTEMPATH/CodeIgniter.php(934): App\Controllers\Teach->finish()
 2 SYSTEMPATH/CodeIgniter.php(499): CodeIgniter\CodeIgniter->runController()
 3 SYSTEMPATH/CodeIgniter.php(368): CodeIgniter\CodeIgniter->handleRequest()
 4 FCPATH/index.php(67): CodeIgniter\CodeIgniter->run()
CRITICAL - 2023-05-17 05:58:11 --> Class "Dompdf\Dompdf" not found
in APPPATH/Controllers/Teach.php on line 147.
 1 SYSTEMPATH/CodeIgniter.php(934): App\Controllers\Teach->finish()
 2 SYSTEMPATH/CodeIgniter.php(499): CodeIgniter\CodeIgniter->runController()
 3 SYSTEMPATH/CodeIgniter.php(368): CodeIgniter\CodeIgniter->handleRequest()
 4 FCPATH/index.php(67): CodeIgniter\CodeIgniter->run()
CRITICAL - 2023-05-17 05:59:46 --> Class "Dompdf\Dompdf" not found
in APPPATH/Controllers/Teach.php on line 147.
 1 SYSTEMPATH/CodeIgniter.php(934): App\Controllers\Teach->finish()
 2 SYSTEMPATH/CodeIgniter.php(499): CodeIgniter\CodeIgniter->runController()
 3 SYSTEMPATH/CodeIgniter.php(368): CodeIgniter\CodeIgniter->handleRequest()
 4 FCPATH/index.php(67): CodeIgniter\CodeIgniter->run()
CRITICAL - 2023-05-17 06:00:00 --> Class "Dompdf\Dompdf" not found
in APPPATH/Controllers/Teach.php on line 147.
 1 SYSTEMPATH/CodeIgniter.php(934): App\Controllers\Teach->finish()
 2 SYSTEMPATH/CodeIgniter.php(499): CodeIgniter\CodeIgniter->runController()
 3 SYSTEMPATH/CodeIgniter.php(368): CodeIgniter\CodeIgniter->handleRequest()
 4 FCPATH/index.php(67): CodeIgniter\CodeIgniter->run()
CRITICAL - 2023-05-17 06:44:14 --> require_once(vendor/autoload.php): Failed to open stream: No such file or directory
in APPPATH/Controllers/Teach.php on line 10.
 1 APPPATH/Controllers/Teach.php(10): CodeIgniter\Debug\Exceptions->errorHandler()
 2 APPPATH/Controllers/Teach.php(10): require_once()
 3 SYSTEMPATH/Autoloader/Autoloader.php(312): include_once('APPPATH/Controllers/Teach.php')
 4 SYSTEMPATH/Autoloader/Autoloader.php(289): CodeIgniter\Autoloader\Autoloader->includeFile()
 5 SYSTEMPATH/Autoloader/Autoloader.php(267): CodeIgniter\Autoloader\Autoloader->loadInNamespace()
 6 [internal function]: CodeIgniter\Autoloader\Autoloader->loadClass()
 7 SYSTEMPATH/CodeIgniter.php(892): class_exists()
 8 SYSTEMPATH/CodeIgniter.php(486): CodeIgniter\CodeIgniter->startController()
 9 SYSTEMPATH/CodeIgniter.php(368): CodeIgniter\CodeIgniter->handleRequest()
10 FCPATH/index.php(67): CodeIgniter\CodeIgniter->run()
CRITICAL - 2023-05-17 06:47:11 --> require_once(vendor/autoload.php): Failed to open stream: No such file or directory
in APPPATH/Controllers/Teach.php on line 10.
 1 APPPATH/Controllers/Teach.php(10): CodeIgniter\Debug\Exceptions->errorHandler()
 2 APPPATH/Controllers/Teach.php(10): require_once()
 3 SYSTEMPATH/Autoloader/Autoloader.php(312): include_once('APPPATH/Controllers/Teach.php')
 4 SYSTEMPATH/Autoloader/Autoloader.php(289): CodeIgniter\Autoloader\Autoloader->includeFile()
 5 SYSTEMPATH/Autoloader/Autoloader.php(267): CodeIgniter\Autoloader\Autoloader->loadInNamespace()
 6 [internal function]: CodeIgniter\Autoloader\Autoloader->loadClass()
 7 SYSTEMPATH/CodeIgniter.php(892): class_exists()
 8 SYSTEMPATH/CodeIgniter.php(486): CodeIgniter\CodeIgniter->startController()
 9 SYSTEMPATH/CodeIgniter.php(368): CodeIgniter\CodeIgniter->handleRequest()
10 FCPATH/index.php(67): CodeIgniter\CodeIgniter->run()
CRITICAL - 2023-05-17 06:47:13 --> require_once(vendor/autoload.php): Failed to open stream: No such file or directory
in APPPATH/Controllers/Teach.php on line 10.
 1 APPPATH/Controllers/Teach.php(10): CodeIgniter\Debug\Exceptions->errorHandler()
 2 APPPATH/Controllers/Teach.php(10): require_once()
 3 SYSTEMPATH/Autoloader/Autoloader.php(312): include_once('APPPATH/Controllers/Teach.php')
 4 SYSTEMPATH/Autoloader/Autoloader.php(289): CodeIgniter\Autoloader\Autoloader->includeFile()
 5 SYSTEMPATH/Autoloader/Autoloader.php(267): CodeIgniter\Autoloader\Autoloader->loadInNamespace()
 6 [internal function]: CodeIgniter\Autoloader\Autoloader->loadClass()
 7 SYSTEMPATH/CodeIgniter.php(892): class_exists()
 8 SYSTEMPATH/CodeIgniter.php(486): CodeIgniter\CodeIgniter->startController()
 9 SYSTEMPATH/CodeIgniter.php(368): CodeIgniter\CodeIgniter->handleRequest()
10 FCPATH/index.php(67): CodeIgniter\CodeIgniter->run()
CRITICAL - 2023-05-17 06:47:16 --> require_once(vendor/autoload.php): Failed to open stream: No such file or directory
in APPPATH/Controllers/Teach.php on line 10.
 1 APPPATH/Controllers/Teach.php(10): CodeIgniter\Debug\Exceptions->errorHandler()
 2 APPPATH/Controllers/Teach.php(10): require_once()
 3 SYSTEMPATH/Autoloader/Autoloader.php(312): include_once('APPPATH/Controllers/Teach.php')
 4 SYSTEMPATH/Autoloader/Autoloader.php(289): CodeIgniter\Autoloader\Autoloader->includeFile()
 5 SYSTEMPATH/Autoloader/Autoloader.php(267): CodeIgniter\Autoloader\Autoloader->loadInNamespace()
 6 [internal function]: CodeIgniter\Autoloader\Autoloader->loadClass()
 7 SYSTEMPATH/CodeIgniter.php(892): class_exists()
 8 SYSTEMPATH/CodeIgniter.php(486): CodeIgniter\CodeIgniter->startController()
 9 SYSTEMPATH/CodeIgniter.php(368): CodeIgniter\CodeIgniter->handleRequest()
10 FCPATH/index.php(67): CodeIgniter\CodeIgniter->run()
CRITICAL - 2023-05-17 06:47:29 --> require_once(vendor/autoload.php): Failed to open stream: No such file or directory
in APPPATH/Controllers/Teach.php on line 10.
 1 APPPATH/Controllers/Teach.php(10): CodeIgniter\Debug\Exceptions->errorHandler()
 2 APPPATH/Controllers/Teach.php(10): require_once()
 3 SYSTEMPATH/Autoloader/Autoloader.php(312): include_once('APPPATH/Controllers/Teach.php')
 4 SYSTEMPATH/Autoloader/Autoloader.php(289): CodeIgniter\Autoloader\Autoloader->includeFile()
 5 SYSTEMPATH/Autoloader/Autoloader.php(267): CodeIgniter\Autoloader\Autoloader->loadInNamespace()
 6 [internal function]: CodeIgniter\Autoloader\Autoloader->loadClass()
 7 SYSTEMPATH/CodeIgniter.php(892): class_exists()
 8 SYSTEMPATH/CodeIgniter.php(486): CodeIgniter\CodeIgniter->startController()
 9 SYSTEMPATH/CodeIgniter.php(368): CodeIgniter\CodeIgniter->handleRequest()
10 FCPATH/index.php(67): CodeIgniter\CodeIgniter->run()
CRITICAL - 2023-05-17 06:47:32 --> require_once(vendor/autoload.php): Failed to open stream: No such file or directory
in APPPATH/Controllers/Teach.php on line 10.
 1 APPPATH/Controllers/Teach.php(10): CodeIgniter\Debug\Exceptions->errorHandler()
 2 APPPATH/Controllers/Teach.php(10): require_once()
 3 SYSTEMPATH/Autoloader/Autoloader.php(312): include_once('APPPATH/Controllers/Teach.php')
 4 SYSTEMPATH/Autoloader/Autoloader.php(289): CodeIgniter\Autoloader\Autoloader->includeFile()
 5 SYSTEMPATH/Autoloader/Autoloader.php(267): CodeIgniter\Autoloader\Autoloader->loadInNamespace()
 6 [internal function]: CodeIgniter\Autoloader\Autoloader->loadClass()
 7 SYSTEMPATH/CodeIgniter.php(892): class_exists()
 8 SYSTEMPATH/CodeIgniter.php(486): CodeIgniter\CodeIgniter->startController()
 9 SYSTEMPATH/CodeIgniter.php(368): CodeIgniter\CodeIgniter->handleRequest()
10 FCPATH/index.php(67): CodeIgniter\CodeIgniter->run()
CRITICAL - 2023-05-17 06:47:54 --> Class "Dompdf\Dompdf" not found
in APPPATH/Controllers/Teach.php on line 147.
 1 SYSTEMPATH/CodeIgniter.php(934): App\Controllers\Teach->finish()
 2 SYSTEMPATH/CodeIgniter.php(499): CodeIgniter\CodeIgniter->runController()
 3 SYSTEMPATH/CodeIgniter.php(368): CodeIgniter\CodeIgniter->handleRequest()
 4 FCPATH/index.php(67): CodeIgniter\CodeIgniter->run()
CRITICAL - 2023-05-17 06:49:19 --> Class "Dompdf\Dompdf" not found
in APPPATH/Controllers/Teach.php on line 147.
 1 SYSTEMPATH/CodeIgniter.php(934): App\Controllers\Teach->finish()
 2 SYSTEMPATH/CodeIgniter.php(499): CodeIgniter\CodeIgniter->runController()
 3 SYSTEMPATH/CodeIgniter.php(368): CodeIgniter\CodeIgniter->handleRequest()
 4 FCPATH/index.php(67): CodeIgniter\CodeIgniter->run()
CRITICAL - 2023-05-17 06:49:25 --> Class "Dompdf\Dompdf" not found
in APPPATH/Controllers/Teach.php on line 147.
 1 SYSTEMPATH/CodeIgniter.php(934): App\Controllers\Teach->finish()
 2 SYSTEMPATH/CodeIgniter.php(499): CodeIgniter\CodeIgniter->runController()
 3 SYSTEMPATH/CodeIgniter.php(368): CodeIgniter\CodeIgniter->handleRequest()
 4 FCPATH/index.php(67): CodeIgniter\CodeIgniter->run()
CRITICAL - 2023-05-17 06:49:35 --> Class "Dompdf\Dompdf" not found
in APPPATH/Controllers/Teach.php on line 147.
 1 SYSTEMPATH/CodeIgniter.php(934): App\Controllers\Teach->finish()
 2 SYSTEMPATH/CodeIgniter.php(499): CodeIgniter\CodeIgniter->runController()
 3 SYSTEMPATH/CodeIgniter.php(368): CodeIgniter\CodeIgniter->handleRequest()
 4 FCPATH/index.php(67): CodeIgniter\CodeIgniter->run()
CRITICAL - 2023-05-17 06:52:15 --> Class "Dompdf\Dompdf" not found
in APPPATH/Controllers/Teach.php on line 147.
 1 SYSTEMPATH/CodeIgniter.php(934): App\Controllers\Teach->finish()
 2 SYSTEMPATH/CodeIgniter.php(499): CodeIgniter\CodeIgniter->runController()
 3 SYSTEMPATH/CodeIgniter.php(368): CodeIgniter\CodeIgniter->handleRequest()
 4 FCPATH/index.php(67): CodeIgniter\CodeIgniter->run()
CRITICAL - 2023-05-17 06:55:09 --> Class "Dompdf\Dompdf" not found
in APPPATH/Controllers/Teach.php on line 147.
 1 SYSTEMPATH/CodeIgniter.php(934): App\Controllers\Teach->finish()
 2 SYSTEMPATH/CodeIgniter.php(499): CodeIgniter\CodeIgniter->runController()
 3 SYSTEMPATH/CodeIgniter.php(368): CodeIgniter\CodeIgniter->handleRequest()
 4 FCPATH/index.php(67): CodeIgniter\CodeIgniter->run()
CRITICAL - 2023-05-17 06:55:24 --> require(/var/www/htdocs/coffee/app/Controllers/vendor/autoload.php): Failed to open stream: No such file or directory
in APPPATH/Controllers/Teach.php on line 9.
 1 APPPATH/Controllers/Teach.php(9): CodeIgniter\Debug\Exceptions->errorHandler()
 2 APPPATH/Controllers/Teach.php(9): require()
 3 SYSTEMPATH/Autoloader/Autoloader.php(312): include_once('APPPATH/Controllers/Teach.php')
 4 SYSTEMPATH/Autoloader/Autoloader.php(289): CodeIgniter\Autoloader\Autoloader->includeFile()
 5 SYSTEMPATH/Autoloader/Autoloader.php(267): CodeIgniter\Autoloader\Autoloader->loadInNamespace()
 6 [internal function]: CodeIgniter\Autoloader\Autoloader->loadClass()
 7 SYSTEMPATH/CodeIgniter.php(892): class_exists()
 8 SYSTEMPATH/CodeIgniter.php(486): CodeIgniter\CodeIgniter->startController()
 9 SYSTEMPATH/CodeIgniter.php(368): CodeIgniter\CodeIgniter->handleRequest()
10 FCPATH/index.php(67): CodeIgniter\CodeIgniter->run()
CRITICAL - 2023-05-17 06:55:55 --> require(/var/www/htdocs/coffee//vendor/autoload.php): Failed to open stream: No such file or directory
in APPPATH/Controllers/Teach.php on line 9.
 1 APPPATH/Controllers/Teach.php(9): CodeIgniter\Debug\Exceptions->errorHandler()
 2 APPPATH/Controllers/Teach.php(9): require()
 3 SYSTEMPATH/Autoloader/Autoloader.php(312): include_once('APPPATH/Controllers/Teach.php')
 4 SYSTEMPATH/Autoloader/Autoloader.php(289): CodeIgniter\Autoloader\Autoloader->includeFile()
 5 SYSTEMPATH/Autoloader/Autoloader.php(267): CodeIgniter\Autoloader\Autoloader->loadInNamespace()
 6 [internal function]: CodeIgniter\Autoloader\Autoloader->loadClass()
 7 SYSTEMPATH/CodeIgniter.php(892): class_exists()
 8 SYSTEMPATH/CodeIgniter.php(486): CodeIgniter\CodeIgniter->startController()
 9 SYSTEMPATH/CodeIgniter.php(368): CodeIgniter\CodeIgniter->handleRequest()
10 FCPATH/index.php(67): CodeIgniter\CodeIgniter->run()
CRITICAL - 2023-05-17 06:57:06 --> require(/vendor/autoload.php): Failed to open stream: No such file or directory
in APPPATH/Controllers/Teach.php on line 9.
 1 APPPATH/Controllers/Teach.php(9): CodeIgniter\Debug\Exceptions->errorHandler()
 2 APPPATH/Controllers/Teach.php(9): require()
 3 SYSTEMPATH/Autoloader/Autoloader.php(312): include_once('APPPATH/Controllers/Teach.php')
 4 SYSTEMPATH/Autoloader/Autoloader.php(289): CodeIgniter\Autoloader\Autoloader->includeFile()
 5 SYSTEMPATH/Autoloader/Autoloader.php(267): CodeIgniter\Autoloader\Autoloader->loadInNamespace()
 6 [internal function]: CodeIgniter\Autoloader\Autoloader->loadClass()
 7 SYSTEMPATH/CodeIgniter.php(892): class_exists()
 8 SYSTEMPATH/CodeIgniter.php(486): CodeIgniter\CodeIgniter->startController()
 9 SYSTEMPATH/CodeIgniter.php(368): CodeIgniter\CodeIgniter->handleRequest()
10 FCPATH/index.php(67): CodeIgniter\CodeIgniter->run()
CRITICAL - 2023-05-17 06:58:30 --> require(/var/www/htdocs/coffee/public//vendor/autoload.php): Failed to open stream: No such file or directory
in APPPATH/Controllers/Teach.php on line 9.
 1 APPPATH/Controllers/Teach.php(9): CodeIgniter\Debug\Exceptions->errorHandler()
 2 APPPATH/Controllers/Teach.php(9): require()
 3 SYSTEMPATH/Autoloader/Autoloader.php(312): include_once('APPPATH/Controllers/Teach.php')
 4 SYSTEMPATH/Autoloader/Autoloader.php(289): CodeIgniter\Autoloader\Autoloader->includeFile()
 5 SYSTEMPATH/Autoloader/Autoloader.php(267): CodeIgniter\Autoloader\Autoloader->loadInNamespace()
 6 [internal function]: CodeIgniter\Autoloader\Autoloader->loadClass()
 7 SYSTEMPATH/CodeIgniter.php(892): class_exists()
 8 SYSTEMPATH/CodeIgniter.php(486): CodeIgniter\CodeIgniter->startController()
 9 SYSTEMPATH/CodeIgniter.php(368): CodeIgniter\CodeIgniter->handleRequest()
10 FCPATH/index.php(67): CodeIgniter\CodeIgniter->run()
CRITICAL - 2023-05-17 06:58:38 --> require(/var/www/htdocs/coffee/public/vendor/autoload.php): Failed to open stream: No such file or directory
in APPPATH/Controllers/Teach.php on line 9.
 1 APPPATH/Controllers/Teach.php(9): CodeIgniter\Debug\Exceptions->errorHandler()
 2 APPPATH/Controllers/Teach.php(9): require()
 3 SYSTEMPATH/Autoloader/Autoloader.php(312): include_once('APPPATH/Controllers/Teach.php')
 4 SYSTEMPATH/Autoloader/Autoloader.php(289): CodeIgniter\Autoloader\Autoloader->includeFile()
 5 SYSTEMPATH/Autoloader/Autoloader.php(267): CodeIgniter\Autoloader\Autoloader->loadInNamespace()
 6 [internal function]: CodeIgniter\Autoloader\Autoloader->loadClass()
 7 SYSTEMPATH/CodeIgniter.php(892): class_exists()
 8 SYSTEMPATH/CodeIgniter.php(486): CodeIgniter\CodeIgniter->startController()
 9 SYSTEMPATH/CodeIgniter.php(368): CodeIgniter\CodeIgniter->handleRequest()
10 FCPATH/index.php(67): CodeIgniter\CodeIgniter->run()
CRITICAL - 2023-05-17 07:05:05 --> require(/var/www/htdocs/coffee/app/vendor/autoload.php): Failed to open stream: No such file or directory
in APPPATH/Controllers/Teach.php on line 9.
 1 APPPATH/Controllers/Teach.php(9): CodeIgniter\Debug\Exceptions->errorHandler()
 2 APPPATH/Controllers/Teach.php(9): require()
 3 SYSTEMPATH/Autoloader/Autoloader.php(312): include_once('APPPATH/Controllers/Teach.php')
 4 SYSTEMPATH/Autoloader/Autoloader.php(289): CodeIgniter\Autoloader\Autoloader->includeFile()
 5 SYSTEMPATH/Autoloader/Autoloader.php(267): CodeIgniter\Autoloader\Autoloader->loadInNamespace()
 6 [internal function]: CodeIgniter\Autoloader\Autoloader->loadClass()
 7 SYSTEMPATH/CodeIgniter.php(892): class_exists()
 8 SYSTEMPATH/CodeIgniter.php(486): CodeIgniter\CodeIgniter->startController()
 9 SYSTEMPATH/CodeIgniter.php(368): CodeIgniter\CodeIgniter->handleRequest()
10 FCPATH/index.php(67): CodeIgniter\CodeIgniter->run()
CRITICAL - 2023-05-17 07:08:18 --> require_once(vendor/autoload.php): Failed to open stream: No such file or directory
in APPPATH/Controllers/Teach.php on line 10.
 1 APPPATH/Controllers/Teach.php(10): CodeIgniter\Debug\Exceptions->errorHandler()
 2 APPPATH/Controllers/Teach.php(10): require_once()
 3 SYSTEMPATH/Autoloader/Autoloader.php(312): include_once('APPPATH/Controllers/Teach.php')
 4 SYSTEMPATH/Autoloader/Autoloader.php(289): CodeIgniter\Autoloader\Autoloader->includeFile()
 5 SYSTEMPATH/Autoloader/Autoloader.php(267): CodeIgniter\Autoloader\Autoloader->loadInNamespace()
 6 [internal function]: CodeIgniter\Autoloader\Autoloader->loadClass()
 7 SYSTEMPATH/CodeIgniter.php(892): class_exists()
 8 SYSTEMPATH/CodeIgniter.php(486): CodeIgniter\CodeIgniter->startController()
 9 SYSTEMPATH/CodeIgniter.php(368): CodeIgniter\CodeIgniter->handleRequest()
10 FCPATH/index.php(67): CodeIgniter\CodeIgniter->run()
CRITICAL - 2023-05-17 07:08:33 --> Class "Dompdf\Dompdf" not found
in APPPATH/Controllers/Teach.php on line 148.
 1 SYSTEMPATH/CodeIgniter.php(934): App\Controllers\Teach->finish()
 2 SYSTEMPATH/CodeIgniter.php(499): CodeIgniter\CodeIgniter->runController()
 3 SYSTEMPATH/CodeIgniter.php(368): CodeIgniter\CodeIgniter->handleRequest()
 4 FCPATH/index.php(67): CodeIgniter\CodeIgniter->run()
CRITICAL - 2023-05-17 07:29:32 --> Call to a member function get_cellmap() on null
in /var/www/htdocs/vendor/dompdf/dompdf/src/FrameReflower/TableCell.php on line 40.
 1 /var/www/htdocs/vendor/dompdf/dompdf/src/FrameDecorator/AbstractFrameDecorator.php(913): Dompdf\FrameReflower\TableCell->reflow()
 2 /var/www/htdocs/vendor/dompdf/dompdf/src/FrameReflower/Block.php(865): Dompdf\FrameDecorator\AbstractFrameDecorator->reflow()
 3 /var/www/htdocs/vendor/dompdf/dompdf/src/FrameDecorator/AbstractFrameDecorator.php(913): Dompdf\FrameReflower\Block->reflow()
 4 /var/www/htdocs/vendor/dompdf/dompdf/src/FrameReflower/Page.php(142): Dompdf\FrameDecorator\AbstractFrameDecorator->reflow()
 5 /var/www/htdocs/vendor/dompdf/dompdf/src/FrameDecorator/AbstractFrameDecorator.php(913): Dompdf\FrameReflower\Page->reflow()
 6 /var/www/htdocs/vendor/dompdf/dompdf/src/Dompdf.php(765): Dompdf\FrameDecorator\AbstractFrameDecorator->reflow()
 7 APPPATH/Controllers/Teach.php(151): Dompdf\Dompdf->render()
 8 SYSTEMPATH/CodeIgniter.php(934): App\Controllers\Teach->finish()
 9 SYSTEMPATH/CodeIgniter.php(499): CodeIgniter\CodeIgniter->runController()
10 SYSTEMPATH/CodeIgniter.php(368): CodeIgniter\CodeIgniter->handleRequest()
11 FCPATH/index.php(67): CodeIgniter\CodeIgniter->run()
CRITICAL - 2023-05-17 07:34:53 --> Call to a member function get_cellmap() on null
in /var/www/htdocs/vendor/dompdf/dompdf/src/FrameReflower/TableCell.php on line 40.
 1 /var/www/htdocs/vendor/dompdf/dompdf/src/FrameDecorator/AbstractFrameDecorator.php(913): Dompdf\FrameReflower\TableCell->reflow()
 2 /var/www/htdocs/vendor/dompdf/dompdf/src/FrameReflower/Block.php(865): Dompdf\FrameDecorator\AbstractFrameDecorator->reflow()
 3 /var/www/htdocs/vendor/dompdf/dompdf/src/FrameDecorator/AbstractFrameDecorator.php(913): Dompdf\FrameReflower\Block->reflow()
 4 /var/www/htdocs/vendor/dompdf/dompdf/src/FrameReflower/Page.php(142): Dompdf\FrameDecorator\AbstractFrameDecorator->reflow()
 5 /var/www/htdocs/vendor/dompdf/dompdf/src/FrameDecorator/AbstractFrameDecorator.php(913): Dompdf\FrameReflower\Page->reflow()
 6 /var/www/htdocs/vendor/dompdf/dompdf/src/Dompdf.php(765): Dompdf\FrameDecorator\AbstractFrameDecorator->reflow()
 7 APPPATH/Controllers/Teach.php(151): Dompdf\Dompdf->render()
 8 SYSTEMPATH/CodeIgniter.php(934): App\Controllers\Teach->finish()
 9 SYSTEMPATH/CodeIgniter.php(499): CodeIgniter\CodeIgniter->runController()
10 SYSTEMPATH/CodeIgniter.php(368): CodeIgniter\CodeIgniter->handleRequest()
11 FCPATH/index.php(67): CodeIgniter\CodeIgniter->run()
CRITICAL - 2023-05-17 07:36:33 --> Call to a member function get_cellmap() on null
in /var/www/htdocs/vendor/dompdf/dompdf/src/FrameReflower/TableCell.php on line 40.
 1 /var/www/htdocs/vendor/dompdf/dompdf/src/FrameDecorator/AbstractFrameDecorator.php(913): Dompdf\FrameReflower\TableCell->reflow()
 2 /var/www/htdocs/vendor/dompdf/dompdf/src/FrameReflower/Block.php(865): Dompdf\FrameDecorator\AbstractFrameDecorator->reflow()
 3 /var/www/htdocs/vendor/dompdf/dompdf/src/FrameDecorator/AbstractFrameDecorator.php(913): Dompdf\FrameReflower\Block->reflow()
 4 /var/www/htdocs/vendor/dompdf/dompdf/src/FrameReflower/Page.php(142): Dompdf\FrameDecorator\AbstractFrameDecorator->reflow()
 5 /var/www/htdocs/vendor/dompdf/dompdf/src/FrameDecorator/AbstractFrameDecorator.php(913): Dompdf\FrameReflower\Page->reflow()
 6 /var/www/htdocs/vendor/dompdf/dompdf/src/Dompdf.php(765): Dompdf\FrameDecorator\AbstractFrameDecorator->reflow()
 7 APPPATH/Controllers/Teach.php(152): Dompdf\Dompdf->render()
 8 SYSTEMPATH/CodeIgniter.php(934): App\Controllers\Teach->finish()
 9 SYSTEMPATH/CodeIgniter.php(499): CodeIgniter\CodeIgniter->runController()
10 SYSTEMPATH/CodeIgniter.php(368): CodeIgniter\CodeIgniter->handleRequest()
11 FCPATH/index.php(67): CodeIgniter\CodeIgniter->run()
CRITICAL - 2023-05-17 07:36:45 --> Call to a member function get_cellmap() on null
in /var/www/htdocs/vendor/dompdf/dompdf/src/FrameReflower/TableCell.php on line 40.
 1 /var/www/htdocs/vendor/dompdf/dompdf/src/FrameDecorator/AbstractFrameDecorator.php(913): Dompdf\FrameReflower\TableCell->reflow()
 2 /var/www/htdocs/vendor/dompdf/dompdf/src/FrameReflower/Block.php(865): Dompdf\FrameDecorator\AbstractFrameDecorator->reflow()
 3 /var/www/htdocs/vendor/dompdf/dompdf/src/FrameDecorator/AbstractFrameDecorator.php(913): Dompdf\FrameReflower\Block->reflow()
 4 /var/www/htdocs/vendor/dompdf/dompdf/src/FrameReflower/Page.php(142): Dompdf\FrameDecorator\AbstractFrameDecorator->reflow()
 5 /var/www/htdocs/vendor/dompdf/dompdf/src/FrameDecorator/AbstractFrameDecorator.php(913): Dompdf\FrameReflower\Page->reflow()
 6 /var/www/htdocs/vendor/dompdf/dompdf/src/Dompdf.php(765): Dompdf\FrameDecorator\AbstractFrameDecorator->reflow()
 7 APPPATH/Controllers/Teach.php(152): Dompdf\Dompdf->render()
 8 SYSTEMPATH/CodeIgniter.php(934): App\Controllers\Teach->finish()
 9 SYSTEMPATH/CodeIgniter.php(499): CodeIgniter\CodeIgniter->runController()
10 SYSTEMPATH/CodeIgniter.php(368): CodeIgniter\CodeIgniter->handleRequest()
11 FCPATH/index.php(67): CodeIgniter\CodeIgniter->run()
CRITICAL - 2023-05-17 07:38:39 --> Call to a member function setPaper() on null
in APPPATH/Controllers/Teach.php on line 151.
 1 SYSTEMPATH/CodeIgniter.php(934): App\Controllers\Teach->finish()
 2 SYSTEMPATH/CodeIgniter.php(499): CodeIgniter\CodeIgniter->runController()
 3 SYSTEMPATH/CodeIgniter.php(368): CodeIgniter\CodeIgniter->handleRequest()
 4 FCPATH/index.php(67): CodeIgniter\CodeIgniter->run()
CRITICAL - 2023-05-17 07:39:08 --> Call to a member function get_cellmap() on null
in /var/www/htdocs/vendor/dompdf/dompdf/src/FrameReflower/TableCell.php on line 40.
 1 /var/www/htdocs/vendor/dompdf/dompdf/src/FrameDecorator/AbstractFrameDecorator.php(913): Dompdf\FrameReflower\TableCell->reflow()
 2 /var/www/htdocs/vendor/dompdf/dompdf/src/FrameReflower/Block.php(865): Dompdf\FrameDecorator\AbstractFrameDecorator->reflow()
 3 /var/www/htdocs/vendor/dompdf/dompdf/src/FrameDecorator/AbstractFrameDecorator.php(913): Dompdf\FrameReflower\Block->reflow()
 4 /var/www/htdocs/vendor/dompdf/dompdf/src/FrameReflower/Page.php(142): Dompdf\FrameDecorator\AbstractFrameDecorator->reflow()
 5 /var/www/htdocs/vendor/dompdf/dompdf/src/FrameDecorator/AbstractFrameDecorator.php(913): Dompdf\FrameReflower\Page->reflow()
 6 /var/www/htdocs/vendor/dompdf/dompdf/src/Dompdf.php(765): Dompdf\FrameDecorator\AbstractFrameDecorator->reflow()
 7 APPPATH/Controllers/Teach.php(151): Dompdf\Dompdf->render()
 8 SYSTEMPATH/CodeIgniter.php(934): App\Controllers\Teach->finish()
 9 SYSTEMPATH/CodeIgniter.php(499): CodeIgniter\CodeIgniter->runController()
10 SYSTEMPATH/CodeIgniter.php(368): CodeIgniter\CodeIgniter->handleRequest()
11 FCPATH/index.php(67): CodeIgniter\CodeIgniter->run()
CRITICAL - 2023-05-17 07:58:29 --> Call to a member function get_cellmap() on null
in /var/www/htdocs/vendor/dompdf/dompdf/src/FrameReflower/TableCell.php on line 40.
 1 /var/www/htdocs/vendor/dompdf/dompdf/src/FrameDecorator/AbstractFrameDecorator.php(913): Dompdf\FrameReflower\TableCell->reflow()
 2 /var/www/htdocs/vendor/dompdf/dompdf/src/FrameReflower/Block.php(865): Dompdf\FrameDecorator\AbstractFrameDecorator->reflow()
 3 /var/www/htdocs/vendor/dompdf/dompdf/src/FrameDecorator/AbstractFrameDecorator.php(913): Dompdf\FrameReflower\Block->reflow()
 4 /var/www/htdocs/vendor/dompdf/dompdf/src/FrameReflower/Page.php(142): Dompdf\FrameDecorator\AbstractFrameDecorator->reflow()
 5 /var/www/htdocs/vendor/dompdf/dompdf/src/FrameDecorator/AbstractFrameDecorator.php(913): Dompdf\FrameReflower\Page->reflow()
 6 /var/www/htdocs/vendor/dompdf/dompdf/src/Dompdf.php(765): Dompdf\FrameDecorator\AbstractFrameDecorator->reflow()
 7 APPPATH/Controllers/Teach.php(150): Dompdf\Dompdf->render()
 8 SYSTEMPATH/CodeIgniter.php(934): App\Controllers\Teach->finish()
 9 SYSTEMPATH/CodeIgniter.php(499): CodeIgniter\CodeIgniter->runController()
10 SYSTEMPATH/CodeIgniter.php(368): CodeIgniter\CodeIgniter->handleRequest()
11 FCPATH/index.php(67): CodeIgniter\CodeIgniter->run()
CRITICAL - 2023-05-17 08:09:44 --> Call to a member function get_cellmap() on null
in /var/www/htdocs/vendor/dompdf/dompdf/src/FrameReflower/TableCell.php on line 40.
 1 /var/www/htdocs/vendor/dompdf/dompdf/src/FrameDecorator/AbstractFrameDecorator.php(913): Dompdf\FrameReflower\TableCell->reflow()
 2 /var/www/htdocs/vendor/dompdf/dompdf/src/FrameReflower/Block.php(865): Dompdf\FrameDecorator\AbstractFrameDecorator->reflow()
 3 /var/www/htdocs/vendor/dompdf/dompdf/src/FrameDecorator/AbstractFrameDecorator.php(913): Dompdf\FrameReflower\Block->reflow()
 4 /var/www/htdocs/vendor/dompdf/dompdf/src/FrameReflower/Page.php(142): Dompdf\FrameDecorator\AbstractFrameDecorator->reflow()
 5 /var/www/htdocs/vendor/dompdf/dompdf/src/FrameDecorator/AbstractFrameDecorator.php(913): Dompdf\FrameReflower\Page->reflow()
 6 /var/www/htdocs/vendor/dompdf/dompdf/src/Dompdf.php(765): Dompdf\FrameDecorator\AbstractFrameDecorator->reflow()
 7 APPPATH/Controllers/Teach.php(155): Dompdf\Dompdf->render()
 8 SYSTEMPATH/CodeIgniter.php(934): App\Controllers\Teach->finish()
 9 SYSTEMPATH/CodeIgniter.php(499): CodeIgniter\CodeIgniter->runController()
10 SYSTEMPATH/CodeIgniter.php(368): CodeIgniter\CodeIgniter->handleRequest()
11 FCPATH/index.php(67): CodeIgniter\CodeIgniter->run()
CRITICAL - 2023-05-17 08:13:44 --> Call to a member function get_cellmap() on null
in /var/www/htdocs/vendor/dompdf/dompdf/src/FrameReflower/TableCell.php on line 40.
 1 /var/www/htdocs/vendor/dompdf/dompdf/src/FrameDecorator/AbstractFrameDecorator.php(913): Dompdf\FrameReflower\TableCell->reflow()
 2 /var/www/htdocs/vendor/dompdf/dompdf/src/FrameReflower/Block.php(865): Dompdf\FrameDecorator\AbstractFrameDecorator->reflow()
 3 /var/www/htdocs/vendor/dompdf/dompdf/src/FrameDecorator/AbstractFrameDecorator.php(913): Dompdf\FrameReflower\Block->reflow()
 4 /var/www/htdocs/vendor/dompdf/dompdf/src/FrameReflower/Page.php(142): Dompdf\FrameDecorator\AbstractFrameDecorator->reflow()
 5 /var/www/htdocs/vendor/dompdf/dompdf/src/FrameDecorator/AbstractFrameDecorator.php(913): Dompdf\FrameReflower\Page->reflow()
 6 /var/www/htdocs/vendor/dompdf/dompdf/src/Dompdf.php(765): Dompdf\FrameDecorator\AbstractFrameDecorator->reflow()
 7 APPPATH/Controllers/Teach.php(154): Dompdf\Dompdf->render()
 8 SYSTEMPATH/CodeIgniter.php(934): App\Controllers\Teach->finish()
 9 SYSTEMPATH/CodeIgniter.php(499): CodeIgniter\CodeIgniter->runController()
10 SYSTEMPATH/CodeIgniter.php(368): CodeIgniter\CodeIgniter->handleRequest()
11 FCPATH/index.php(67): CodeIgniter\CodeIgniter->run()
CRITICAL - 2023-05-17 08:14:03 --> Call to a member function get_cellmap() on null
in /var/www/htdocs/vendor/dompdf/dompdf/src/FrameReflower/TableCell.php on line 40.
 1 /var/www/htdocs/vendor/dompdf/dompdf/src/FrameDecorator/AbstractFrameDecorator.php(913): Dompdf\FrameReflower\TableCell->reflow()
 2 /var/www/htdocs/vendor/dompdf/dompdf/src/FrameReflower/Block.php(865): Dompdf\FrameDecorator\AbstractFrameDecorator->reflow()
 3 /var/www/htdocs/vendor/dompdf/dompdf/src/FrameDecorator/AbstractFrameDecorator.php(913): Dompdf\FrameReflower\Block->reflow()
 4 /var/www/htdocs/vendor/dompdf/dompdf/src/FrameReflower/Page.php(142): Dompdf\FrameDecorator\AbstractFrameDecorator->reflow()
 5 /var/www/htdocs/vendor/dompdf/dompdf/src/FrameDecorator/AbstractFrameDecorator.php(913): Dompdf\FrameReflower\Page->reflow()
 6 /var/www/htdocs/vendor/dompdf/dompdf/src/Dompdf.php(765): Dompdf\FrameDecorator\AbstractFrameDecorator->reflow()
 7 APPPATH/Controllers/Teach.php(154): Dompdf\Dompdf->render()
 8 SYSTEMPATH/CodeIgniter.php(934): App\Controllers\Teach->finish()
 9 SYSTEMPATH/CodeIgniter.php(499): CodeIgniter\CodeIgniter->runController()
10 SYSTEMPATH/CodeIgniter.php(368): CodeIgniter\CodeIgniter->handleRequest()
11 FCPATH/index.php(67): CodeIgniter\CodeIgniter->run()
CRITICAL - 2023-05-17 08:17:52 --> Call to a member function get_cellmap() on null
in /var/www/htdocs/vendor/dompdf/dompdf/src/FrameReflower/TableCell.php on line 40.
 1 /var/www/htdocs/vendor/dompdf/dompdf/src/FrameDecorator/AbstractFrameDecorator.php(913): Dompdf\FrameReflower\TableCell->reflow()
 2 /var/www/htdocs/vendor/dompdf/dompdf/src/FrameReflower/Block.php(865): Dompdf\FrameDecorator\AbstractFrameDecorator->reflow()
 3 /var/www/htdocs/vendor/dompdf/dompdf/src/FrameDecorator/AbstractFrameDecorator.php(913): Dompdf\FrameReflower\Block->reflow()
 4 /var/www/htdocs/vendor/dompdf/dompdf/src/FrameReflower/Page.php(142): Dompdf\FrameDecorator\AbstractFrameDecorator->reflow()
 5 /var/www/htdocs/vendor/dompdf/dompdf/src/FrameDecorator/AbstractFrameDecorator.php(913): Dompdf\FrameReflower\Page->reflow()
 6 /var/www/htdocs/vendor/dompdf/dompdf/src/Dompdf.php(765): Dompdf\FrameDecorator\AbstractFrameDecorator->reflow()
 7 APPPATH/Controllers/Teach.php(223): Dompdf\Dompdf->render()
 8 SYSTEMPATH/CodeIgniter.php(934): App\Controllers\Teach->finish()
 9 SYSTEMPATH/CodeIgniter.php(499): CodeIgniter\CodeIgniter->runController()
10 SYSTEMPATH/CodeIgniter.php(368): CodeIgniter\CodeIgniter->handleRequest()
11 FCPATH/index.php(67): CodeIgniter\CodeIgniter->run()
CRITICAL - 2023-05-17 08:18:43 --> Call to a member function get_cellmap() on null
in /var/www/htdocs/vendor/dompdf/dompdf/src/FrameReflower/TableCell.php on line 40.
 1 /var/www/htdocs/vendor/dompdf/dompdf/src/FrameDecorator/AbstractFrameDecorator.php(913): Dompdf\FrameReflower\TableCell->reflow()
 2 /var/www/htdocs/vendor/dompdf/dompdf/src/FrameReflower/Block.php(865): Dompdf\FrameDecorator\AbstractFrameDecorator->reflow()
 3 /var/www/htdocs/vendor/dompdf/dompdf/src/FrameDecorator/AbstractFrameDecorator.php(913): Dompdf\FrameReflower\Block->reflow()
 4 /var/www/htdocs/vendor/dompdf/dompdf/src/FrameReflower/Page.php(142): Dompdf\FrameDecorator\AbstractFrameDecorator->reflow()
 5 /var/www/htdocs/vendor/dompdf/dompdf/src/FrameDecorator/AbstractFrameDecorator.php(913): Dompdf\FrameReflower\Page->reflow()
 6 /var/www/htdocs/vendor/dompdf/dompdf/src/Dompdf.php(765): Dompdf\FrameDecorator\AbstractFrameDecorator->reflow()
 7 APPPATH/Controllers/Teach.php(223): Dompdf\Dompdf->render()
 8 SYSTEMPATH/CodeIgniter.php(934): App\Controllers\Teach->finish()
 9 SYSTEMPATH/CodeIgniter.php(499): CodeIgniter\CodeIgniter->runController()
10 SYSTEMPATH/CodeIgniter.php(368): CodeIgniter\CodeIgniter->handleRequest()
11 FCPATH/index.php(67): CodeIgniter\CodeIgniter->run()
CRITICAL - 2023-05-17 12:09:59 --> Undefined variable $userID
in APPPATH/Controllers/Signup.php on line 62.
 1 APPPATH/Controllers/Signup.php(62): CodeIgniter\Debug\Exceptions->errorHandler()
 2 SYSTEMPATH/CodeIgniter.php(934): App\Controllers\Signup->register()
 3 SYSTEMPATH/CodeIgniter.php(499): CodeIgniter\CodeIgniter->runController()
 4 SYSTEMPATH/CodeIgniter.php(368): CodeIgniter\CodeIgniter->handleRequest()
 5 FCPATH/index.php(67): CodeIgniter\CodeIgniter->run()
CRITICAL - 2023-05-17 12:12:38 --> Undefined variable $userID
in APPPATH/Controllers/Signup.php on line 62.
 1 APPPATH/Controllers/Signup.php(62): CodeIgniter\Debug\Exceptions->errorHandler()
 2 SYSTEMPATH/CodeIgniter.php(934): App\Controllers\Signup->register()
 3 SYSTEMPATH/CodeIgniter.php(499): CodeIgniter\CodeIgniter->runController()
 4 SYSTEMPATH/CodeIgniter.php(368): CodeIgniter\CodeIgniter->handleRequest()
 5 FCPATH/index.php(67): CodeIgniter\CodeIgniter->run()
CRITICAL - 2023-05-17 12:34:19 --> The supplied file is not a supported image type.
in SYSTEMPATH/Images/Image.php on line 103.
 1 SYSTEMPATH/Images/Image.php(103): CodeIgniter\Images\Exceptions\ImageException::forFileNotSupported()
 2 SYSTEMPATH/Images/Handlers/BaseHandler.php(150): CodeIgniter\Images\Image->getProperties()
 3 APPPATH/Models/ImageModel.php(11): CodeIgniter\Images\Handlers\BaseHandler->withFile()
 4 APPPATH/Controllers/Teach.php(63): App\Models\ImageModel->crop_image()
 5 SYSTEMPATH/CodeIgniter.php(934): App\Controllers\Teach->create_course()
 6 SYSTEMPATH/CodeIgniter.php(499): CodeIgniter\CodeIgniter->runController()
 7 SYSTEMPATH/CodeIgniter.php(368): CodeIgniter\CodeIgniter->handleRequest()
 8 FCPATH/index.php(67): CodeIgniter\CodeIgniter->run()
