CRITICAL - 2023-04-21 01:19:49 --> Undefined variable $data
in APPPATH/Controllers/Login.php on line 72.
 1 APPPATH/Controllers/Login.php(72): CodeIgniter\Debug\Exceptions->errorHandler()
 2 SYSTEMPATH/CodeIgniter.php(934): App\Controllers\Login->checklogin()
 3 SYSTEMPATH/CodeIgniter.php(499): CodeIgniter\CodeIgniter->runController()
 4 SYSTEMPATH/CodeIgniter.php(368): CodeIgniter\CodeIgniter->handleRequest()
 5 FCPATH/index.php(67): CodeIgniter\CodeIgniter->run()
CRITICAL - 2023-04-21 01:52:48 --> Class "App\Controllers\UserModel" not found
in APPPATH/Controllers/Profile.php on line 16.
 1 SYSTEMPATH/CodeIgniter.php(934): App\Controllers\Profile->profile()
 2 SYSTEMPATH/CodeIgniter.php(499): CodeIgniter\CodeIgniter->runController()
 3 SYSTEMPATH/CodeIgniter.php(368): CodeIgniter\CodeIgniter->handleRequest()
 4 FCPATH/index.php(67): CodeIgniter\CodeIgniter->run()
CRITICAL - 2023-04-21 22:40:13 --> Undefined variable $db
in APPPATH/Models/UserModel.php on line 30.
 1 APPPATH/Models/UserModel.php(30): CodeIgniter\Debug\Exceptions->errorHandler()
 2 APPPATH/Controllers/Signup.php(48): App\Models\UserModel->createUser()
 3 SYSTEMPATH/CodeIgniter.php(934): App\Controllers\Signup->register()
 4 SYSTEMPATH/CodeIgniter.php(499): CodeIgniter\CodeIgniter->runController()
 5 SYSTEMPATH/CodeIgniter.php(368): CodeIgniter\CodeIgniter->handleRequest()
 6 FCPATH/index.php(67): CodeIgniter\CodeIgniter->run()
CRITICAL - 2023-04-21 22:54:54 --> Undefined variable $toast
in APPPATH/Views/template/header.php on line 103.
 1 APPPATH/Views/template/header.php(103): CodeIgniter\Debug\Exceptions->errorHandler()
 2 SYSTEMPATH/View/View.php(213): include('APPPATH/Views/template/header.php')
 3 SYSTEMPATH/View/View.php(216): CodeIgniter\View\View->CodeIgniter\View\{closure}()
 4 SYSTEMPATH/Common.php(1184): CodeIgniter\View\View->render()
 5 APPPATH/Controllers/Login.php(20): view()
 6 SYSTEMPATH/CodeIgniter.php(934): App\Controllers\Login->index()
 7 SYSTEMPATH/CodeIgniter.php(499): CodeIgniter\CodeIgniter->runController()
 8 SYSTEMPATH/CodeIgniter.php(368): CodeIgniter\CodeIgniter->handleRequest()
 9 FCPATH/index.php(67): CodeIgniter\CodeIgniter->run()
